<?xml version="1.0" encoding="UTF-8"?>
<!-- Generated by org.testng.reporters.JUnitXMLReporter -->
<testsuite ignored="0" hostname="DESKTOP-2V7AGEN" failures="0" tests="4" name="Default test" time="38.951" errors="0" timestamp="2024-09-10T22:33:37 IST">
  <testcase classname="org.com.Task" name="LoginWithValidCredentials" time="10.109"/>
  <testcase classname="org.com.Task" name="LoginWithInValidCredentials" time="13.321"/>
  <testcase classname="org.com.Task" name="LoginWithEmptyField" time="6.393"/>
  <testcase classname="org.com.Task" name="LoginWithSpecialCharacters" time="9.026"/>
</testsuite> <!-- Default test -->
